<?xml version="1.0" encoding="UTF-8"?>
<!-- Generated by org.testng.reporters.JUnitReportReporter -->
<testsuite skipped="0" hostname="Vijayalaxmi-PC" name="Test.Login" tests="1" failures="0" timestamp="27 Nov 2018 06:37:04 GMT" time="24.974" errors="0">
  <testcase name="run" time="24.974" classname="Test.Login"/>
</testsuite> <!-- Test.Login -->
