<?xml version="1.0" encoding="UTF-8"?>
<!-- Generated by org.testng.reporters.JUnitReportReporter -->
<testsuite skipped="0" hostname="Vijayalaxmi-PC" name="com.appium.Appium" tests="1" failures="0" timestamp="20 Nov 2018 12:15:36 GMT" time="46.677" errors="0">
  <testcase name="run" time="46.677" classname="com.appium.Appium"/>
</testsuite> <!-- com.appium.Appium -->
