<?xml version="1.0" encoding="UTF-8"?>
<!-- Generated by org.testng.reporters.JUnitReportReporter -->
<testsuite skipped="0" hostname="DESKTOP-CBJKOPI" name="Test.Login" tests="1" failures="0" timestamp="06 Dec 2018 09:58:44 GMT" time="15.139" errors="0">
  <testcase name="run" time="15.139" classname="Test.Login"/>
</testsuite> <!-- Test.Login -->
